[debug] [2018-04-04T18:48:51.873Z] ----------------------------------------------------------------------
[debug] [2018-04-04T18:48:51.876Z] Command:       C:\Program Files\nodejs\node.exe C:\Users\Henrik\AppData\Roaming\npm\node_modules\firebase-tools\bin\firebase serve
[debug] [2018-04-04T18:48:51.876Z] CLI Version:   3.18.0
[debug] [2018-04-04T18:48:51.876Z] Platform:      win32
[debug] [2018-04-04T18:48:51.876Z] Node Version:  v9.10.1
[debug] [2018-04-04T18:48:51.876Z] Time:          Wed Apr 04 2018 20:48:51 GMT+0200 (W. Europe Daylight Time)
[debug] [2018-04-04T18:48:51.877Z] ----------------------------------------------------------------------
[debug] 
[debug] [2018-04-04T18:48:51.888Z] > command requires scopes: ["email","openid","https://www.googleapis.com/auth/cloudplatformprojects.readonly","https://www.googleapis.com/auth/firebase","https://www.googleapis.com/auth/cloud-platform"]
[debug] [2018-04-04T18:48:51.888Z] > authorizing via signed-in user
[debug] [2018-04-04T18:48:51.890Z] > refreshing access token with scopes: ["email","https://www.googleapis.com/auth/cloud-platform","https://www.googleapis.com/auth/cloudplatformprojects.readonly","https://www.googleapis.com/auth/firebase","openid"]
[debug] [2018-04-04T18:48:51.890Z] >>> HTTP REQUEST POST https://www.googleapis.com/oauth2/v3/token  
 { refresh_token: '1/PBymdABpml4XykPercosfVJX2G5oG_Q35FpeZMNHSnU',
  client_id: '563584335869-fgrhgmd47bqnekij5i8b5pr03ho849e6.apps.googleusercontent.com',
  client_secret: 'j9iVZfS8kkCEFUPaAeJV0sAi',
  grant_type: 'refresh_token',
  scope: 'email https://www.googleapis.com/auth/cloud-platform https://www.googleapis.com/auth/cloudplatformprojects.readonly https://www.googleapis.com/auth/firebase openid' } 
 Wed Apr 04 2018 20:48:51 GMT+0200 (W. Europe Daylight Time)
[debug] [2018-04-04T18:48:52.059Z] <<< HTTP RESPONSE 200
[debug] [2018-04-04T18:48:52.066Z] >>> HTTP REQUEST GET https://admin.firebase.com/v1/projects/lab4-ec08d  
  
 Wed Apr 04 2018 20:48:52 GMT+0200 (W. Europe Daylight Time)
[debug] [2018-04-04T18:48:52.816Z] <<< HTTP RESPONSE 200
[debug] [2018-04-04T18:48:52.817Z] >>> HTTP REQUEST GET https://admin.firebase.com/v1/database/lab4-ec08d/tokens  
  
 Wed Apr 04 2018 20:48:52 GMT+0200 (W. Europe Daylight Time)
[debug] [2018-04-04T18:48:53.664Z] <<< HTTP RESPONSE 200
[debug] [2018-04-04T18:48:53.664Z] >>> HTTP REQUEST GET https://cloudresourcemanager.googleapis.com/v1/projects/lab4-ec08d  
  
 Wed Apr 04 2018 20:48:53 GMT+0200 (W. Europe Daylight Time)
[debug] [2018-04-04T18:48:54.480Z] <<< HTTP RESPONSE 200
[info] 
[info] === Serving from 'D:\Henrik\Skole\Android\IMT3673\Lab4'...
[info] 
[info] i  functions: Preparing to emulate functions.
[debug] [2018-04-04T18:48:55.172Z] Fetching environment
[debug] [2018-04-04T18:48:55.175Z] >>> HTTP REQUEST GET https://mobilesdk-pa.googleapis.com/v1/projects/918362755977:getServerAppConfig  
  
 Wed Apr 04 2018 20:48:55 GMT+0200 (W. Europe Daylight Time)
[debug] [2018-04-04T18:48:55.175Z] >>> HTTP REQUEST GET https://mobilesdk-pa.googleapis.com/v1/projects/918362755977/clients/_:getWebAppConfig  
  
 Wed Apr 04 2018 20:48:55 GMT+0200 (W. Europe Daylight Time)
[debug] [2018-04-04T18:48:55.706Z] <<< HTTP RESPONSE 200
[info] i  hosting: Serving hosting files from: public
[info] +  hosting: Local server: http://localhost:5000

[debug] [2018-04-04T18:48:55.883Z] <<< HTTP RESPONSE 200
[debug] [2018-04-04T18:48:55.883Z] Starting @google-cloud/functions-emulator
[debug] [2018-04-04T18:48:57.413Z] Parsing function triggers
